{"/Users/JuansMacbook/Workspace/beep/beep-sdk/src/index.ts": {"path":"/Users/JuansMacbook/Workspace/beep/beep-sdk/src/index.ts","statementMap":{"0":{"start":{"line":3,"column":0},"end":{"line":3,"column":45}},"1":{"start":{"line":4,"column":0},"end":{"line":4,"column":52}},"2":{"start":{"line":5,"column":0},"end":{"line":5,"column":50}},"3":{"start":{"line":15,"column":0},"end":{"line":15,"column":24}},"4":{"start":{"line":33,"column":4},"end":{"line":39,"column":7}},"5":{"start":{"line":42,"column":4},"end":{"line":42,"column":52}},"6":{"start":{"line":54,"column":45},"end":{"line":57,"column":6}},"7":{"start":{"line":60,"column":4},"end":{"line":64,"column":5}},"8":{"start":{"line":61,"column":6},"end":{"line":61,"column":60}},"9":{"start":{"line":63,"column":6},"end":{"line":63,"column":63}},"10":{"start":{"line":67,"column":4},"end":{"line":69,"column":5}},"11":{"start":{"line":68,"column":6},"end":{"line":68,"column":48}},"12":{"start":{"line":71,"column":21},"end":{"line":71,"column":97}},"13":{"start":{"line":72,"column":4},"end":{"line":72,"column":25}},"14":{"start":{"line":77,"column":4},"end":{"line":87,"column":5}},"15":{"start":{"line":78,"column":23},"end":{"line":78,"column":56}},"16":{"start":{"line":79,"column":6},"end":{"line":79,"column":27}},"17":{"start":{"line":82,"column":6},"end":{"line":86,"column":7}},"18":{"start":{"line":83,"column":8},"end":{"line":83,"column":88}},"19":{"start":{"line":85,"column":8},"end":{"line":85,"column":57}},"20":{"start":{"line":27,"column":0},"end":{"line":27,"column":13}}},"fnMap":{"0":{"name":"(anonymous_5)","decl":{"start":{"line":32,"column":2},"end":{"line":32,"column":14}},"loc":{"start":{"line":32,"column":40},"end":{"line":44,"column":3}}},"1":{"name":"(anonymous_6)","decl":{"start":{"line":52,"column":9},"end":{"line":52,"column":14}},"loc":{"start":{"line":52,"column":60},"end":{"line":73,"column":3}}},"2":{"name":"(anonymous_7)","decl":{"start":{"line":76,"column":9},"end":{"line":76,"column":14}},"loc":{"start":{"line":76,"column":26},"end":{"line":88,"column":3}}}},"branchMap":{"0":{"loc":{"start":{"line":34,"column":15},"end":{"line":34,"column":58}},"type":"binary-expr","locations":[{"start":{"line":34,"column":15},"end":{"line":34,"column":32}},{"start":{"line":34,"column":36},"end":{"line":34,"column":58}}]},"1":{"loc":{"start":{"line":60,"column":4},"end":{"line":64,"column":5}},"type":"if","locations":[{"start":{"line":60,"column":4},"end":{"line":64,"column":5}},{"start":{"line":62,"column":11},"end":{"line":64,"column":5}}]},"2":{"loc":{"start":{"line":63,"column":26},"end":{"line":63,"column":62}},"type":"binary-expr","locations":[{"start":{"line":63,"column":26},"end":{"line":63,"column":39}},{"start":{"line":63,"column":43},"end":{"line":63,"column":62}}]},"3":{"loc":{"start":{"line":67,"column":4},"end":{"line":69,"column":5}},"type":"if","locations":[{"start":{"line":67,"column":4},"end":{"line":69,"column":5}}]},"4":{"loc":{"start":{"line":82,"column":6},"end":{"line":86,"column":7}},"type":"if","locations":[{"start":{"line":82,"column":6},"end":{"line":86,"column":7}},{"start":{"line":84,"column":13},"end":{"line":86,"column":7}}]},"5":{"loc":{"start":{"line":83,"column":38},"end":{"line":83,"column":84}},"type":"binary-expr","locations":[{"start":{"line":83,"column":38},"end":{"line":83,"column":67}},{"start":{"line":83,"column":71},"end":{"line":83,"column":84}}]}},"s":{"0":4,"1":4,"2":4,"3":4,"4":16,"5":16,"6":4,"7":4,"8":1,"9":3,"10":4,"11":0,"12":4,"13":3,"14":1,"15":1,"16":1,"17":0,"18":0,"19":0,"20":4},"f":{"0":16,"1":4,"2":1},"b":{"0":[16,0],"1":[1,3],"2":[3,1],"3":[0],"4":[0,0],"5":[0,0]}}
,"/Users/JuansMacbook/Workspace/beep/beep-sdk/src/modules/payments.ts": {"path":"/Users/JuansMacbook/Workspace/beep/beep-sdk/src/modules/payments.ts","statementMap":{"0":{"start":{"line":3,"column":0},"end":{"line":3,"column":null}},"1":{"start":{"line":17,"column":4},"end":{"line":17,"column":25}},"2":{"start":{"line":24,"column":27},"end":{"line":24,"column":41}},"3":{"start":{"line":25,"column":4},"end":{"line":27,"column":5}},"4":{"start":{"line":26,"column":6},"end":{"line":26,"column":88}},"5":{"start":{"line":29,"column":21},"end":{"line":29,"column":84}},"6":{"start":{"line":30,"column":4},"end":{"line":30,"column":25}},"7":{"start":{"line":34,"column":21},"end":{"line":34,"column":80}},"8":{"start":{"line":35,"column":4},"end":{"line":35,"column":25}},"9":{"start":{"line":39,"column":21},"end":{"line":39,"column":69}},"10":{"start":{"line":40,"column":4},"end":{"line":40,"column":25}},"11":{"start":{"line":48,"column":27},"end":{"line":48,"column":41}},"12":{"start":{"line":49,"column":4},"end":{"line":51,"column":5}},"13":{"start":{"line":50,"column":6},"end":{"line":50,"column":88}},"14":{"start":{"line":53,"column":21},"end":{"line":55,"column":null}},"15":{"start":{"line":57,"column":4},"end":{"line":57,"column":25}},"16":{"start":{"line":61,"column":4},"end":{"line":61,"column":58}},"17":{"start":{"line":68,"column":27},"end":{"line":68,"column":41}},"18":{"start":{"line":71,"column":4},"end":{"line":73,"column":5}},"19":{"start":{"line":72,"column":6},"end":{"line":72,"column":106}},"20":{"start":{"line":75,"column":21},"end":{"line":75,"column":84}},"21":{"start":{"line":76,"column":4},"end":{"line":76,"column":25}},"22":{"start":{"line":80,"column":21},"end":{"line":80,"column":80}},"23":{"start":{"line":81,"column":4},"end":{"line":81,"column":25}},"24":{"start":{"line":85,"column":21},"end":{"line":85,"column":69}},"25":{"start":{"line":86,"column":4},"end":{"line":86,"column":25}},"26":{"start":{"line":90,"column":4},"end":{"line":90,"column":58}},"27":{"start":{"line":13,"column":0},"end":{"line":13,"column":13}}},"fnMap":{"0":{"name":"(anonymous_0)","decl":{"start":{"line":16,"column":2},"end":{"line":16,"column":14}},"loc":{"start":{"line":16,"column":35},"end":{"line":18,"column":3}}},"1":{"name":"(anonymous_1)","decl":{"start":{"line":22,"column":2},"end":{"line":22,"column":7}},"loc":{"start":{"line":22,"column":51},"end":{"line":31,"column":3}}},"2":{"name":"(anonymous_2)","decl":{"start":{"line":33,"column":2},"end":{"line":33,"column":7}},"loc":{"start":{"line":33,"column":36},"end":{"line":36,"column":3}}},"3":{"name":"(anonymous_3)","decl":{"start":{"line":38,"column":2},"end":{"line":38,"column":7}},"loc":{"start":{"line":38,"column":20},"end":{"line":41,"column":3}}},"4":{"name":"(anonymous_4)","decl":{"start":{"line":43,"column":2},"end":{"line":43,"column":7}},"loc":{"start":{"line":45,"column":33},"end":{"line":58,"column":3}}},"5":{"name":"(anonymous_5)","decl":{"start":{"line":60,"column":2},"end":{"line":60,"column":7}},"loc":{"start":{"line":60,"column":39},"end":{"line":62,"column":3}}},"6":{"name":"(anonymous_6)","decl":{"start":{"line":66,"column":2},"end":{"line":66,"column":7}},"loc":{"start":{"line":66,"column":51},"end":{"line":77,"column":3}}},"7":{"name":"(anonymous_7)","decl":{"start":{"line":79,"column":2},"end":{"line":79,"column":7}},"loc":{"start":{"line":79,"column":36},"end":{"line":82,"column":3}}},"8":{"name":"(anonymous_8)","decl":{"start":{"line":84,"column":2},"end":{"line":84,"column":7}},"loc":{"start":{"line":84,"column":20},"end":{"line":87,"column":3}}},"9":{"name":"(anonymous_9)","decl":{"start":{"line":89,"column":2},"end":{"line":89,"column":7}},"loc":{"start":{"line":89,"column":39},"end":{"line":91,"column":3}}}},"branchMap":{"0":{"loc":{"start":{"line":25,"column":4},"end":{"line":27,"column":5}},"type":"if","locations":[{"start":{"line":25,"column":4},"end":{"line":27,"column":5}}]},"1":{"loc":{"start":{"line":25,"column":8},"end":{"line":25,"column":63}},"type":"binary-expr","locations":[{"start":{"line":25,"column":8},"end":{"line":25,"column":28}},{"start":{"line":25,"column":32},"end":{"line":25,"column":63}}]},"2":{"loc":{"start":{"line":49,"column":4},"end":{"line":51,"column":5}},"type":"if","locations":[{"start":{"line":49,"column":4},"end":{"line":51,"column":5}}]},"3":{"loc":{"start":{"line":49,"column":8},"end":{"line":49,"column":63}},"type":"binary-expr","locations":[{"start":{"line":49,"column":8},"end":{"line":49,"column":28}},{"start":{"line":49,"column":32},"end":{"line":49,"column":63}}]},"4":{"loc":{"start":{"line":71,"column":4},"end":{"line":73,"column":5}},"type":"if","locations":[{"start":{"line":71,"column":4},"end":{"line":73,"column":5}}]},"5":{"loc":{"start":{"line":71,"column":8},"end":{"line":71,"column":75}},"type":"binary-expr","locations":[{"start":{"line":71,"column":8},"end":{"line":71,"column":33}},{"start":{"line":71,"column":37},"end":{"line":71,"column":75}}]}},"s":{"0":4,"1":16,"2":2,"3":2,"4":2,"5":2,"6":2,"7":1,"8":1,"9":1,"10":1,"11":1,"12":1,"13":0,"14":1,"15":1,"16":1,"17":2,"18":2,"19":1,"20":2,"21":2,"22":1,"23":1,"24":1,"25":1,"26":1,"27":4},"f":{"0":16,"1":2,"2":1,"3":1,"4":1,"5":1,"6":2,"7":1,"8":1,"9":1},"b":{"0":[2],"1":[2,2],"2":[0],"3":[1,0],"4":[1],"5":[2,1]}}
}
