TN:
SF:src/index.ts
FN:32,(anonymous_5)
FN:52,(anonymous_6)
FN:76,(anonymous_7)
FNF:3
FNH:3
FNDA:16,(anonymous_5)
FNDA:4,(anonymous_6)
FNDA:1,(anonymous_7)
DA:3,4
DA:4,4
DA:5,4
DA:15,4
DA:27,4
DA:33,16
DA:42,16
DA:54,4
DA:60,4
DA:61,1
DA:63,3
DA:67,4
DA:68,0
DA:71,4
DA:72,3
DA:77,1
DA:78,1
DA:79,1
DA:82,0
DA:83,0
DA:85,0
LF:21
LH:17
BRDA:34,0,0,16
BRDA:34,0,1,0
BRDA:60,1,0,1
BRDA:60,1,1,3
BRDA:63,2,0,3
BRDA:63,2,1,1
BRDA:67,3,0,0
BRDA:82,4,0,0
BRDA:82,4,1,0
BRDA:83,5,0,0
BRDA:83,5,1,0
BRF:11
BRH:5
end_of_record
TN:
SF:src/modules/payments.ts
FN:16,(anonymous_0)
FN:22,(anonymous_1)
FN:33,(anonymous_2)
FN:38,(anonymous_3)
FN:43,(anonymous_4)
FN:60,(anonymous_5)
FN:66,(anonymous_6)
FN:79,(anonymous_7)
FN:84,(anonymous_8)
FN:89,(anonymous_9)
FNF:10
FNH:10
FNDA:16,(anonymous_0)
FNDA:2,(anonymous_1)
FNDA:1,(anonymous_2)
FNDA:1,(anonymous_3)
FNDA:1,(anonymous_4)
FNDA:1,(anonymous_5)
FNDA:2,(anonymous_6)
FNDA:1,(anonymous_7)
FNDA:1,(anonymous_8)
FNDA:1,(anonymous_9)
DA:3,4
DA:13,4
DA:17,16
DA:24,2
DA:25,2
DA:26,2
DA:29,2
DA:30,2
DA:34,1
DA:35,1
DA:39,1
DA:40,1
DA:48,1
DA:49,1
DA:50,0
DA:53,1
DA:57,1
DA:61,1
DA:68,2
DA:71,2
DA:72,1
DA:75,2
DA:76,2
DA:80,1
DA:81,1
DA:85,1
DA:86,1
DA:90,1
LF:28
LH:27
BRDA:25,0,0,2
BRDA:25,1,0,2
BRDA:25,1,1,2
BRDA:49,2,0,0
BRDA:49,3,0,1
BRDA:49,3,1,0
BRDA:71,4,0,1
BRDA:71,5,0,2
BRDA:71,5,1,1
BRF:9
BRH:7
end_of_record
